#
# There is insufficient memory for the Java Runtime Environment to continue.
# Native memory allocation (malloc) failed to allocate 699696 bytes for Chunk::new
# Possible reasons:
#   The system is out of physical RAM or swap space
#   The process is running with CompressedOops enabled, and the Java Heap may be blocking the growth of the native heap
# Possible solutions:
#   Reduce memory load on the system
#   Increase physical memory or swap space
#   Check if swap backing store is full
#   Decrease Java heap size (-Xmx/-Xms)
#   Decrease number of Java threads
#   Decrease Java thread stack sizes (-Xss)
#   Set larger code cache with -XX:ReservedCodeCacheSize=
#   JVM is running with Unscaled Compressed Oops mode in which the Java heap is
#     placed in the first 4GB address space. The Java Heap base address is the
#     maximum limit for the native heap growth. Please use -XX:HeapBaseMinAddress
#     to set the Java Heap base and to place the Java Heap above 4GB virtual address.
# This output file may be truncated or incomplete.
#
#  Out of Memory Error (./src/hotspot/share/memory/arena.cpp:197), pid=23088, tid=22856
#
# JRE version: OpenJDK Runtime Environment (11.0.10) (build 11.0.10+0-b96-7249189)
# Java VM: OpenJDK 64-Bit Server VM (11.0.10+0-b96-7249189, mixed mode, tiered, compressed oops, g1 gc, windows-amd64)
# No core dump will be written. Minidumps are not enabled by default on client versions of Windows
#

---------------  S U M M A R Y ------------

Command Line: --add-opens=java.base/java.util=ALL-UNNAMED --add-opens=java.base/java.lang=ALL-UNNAMED --add-opens=java.base/java.lang.invoke=ALL-UNNAMED --add-opens=java.prefs/java.util.prefs=ALL-UNNAMED -Xmx1536M -Dfile.encoding=windows-1252 -Duser.country=US -Duser.language=en -Duser.variant org.gradle.launcher.daemon.bootstrap.GradleDaemon 6.7

Host: Intel(R) Core(TM) i7-4900MQ CPU @ 2.80GHz, 8 cores, 7G,  Windows 10 , 64 bit Build 19041 (10.0.19041.1348)
Time: Sun Dec 12 17:51:05 2021 SE Asia Standard Time elapsed time: 6.818449 seconds (0d 0h 0m 6s)

---------------  T H R E A D  ---------------

Current thread (0x0000024956883800):  JavaThread "C2 CompilerThread0" daemon [_thread_in_native, id=22856, stack(0x000000d932f00000,0x000000d933000000)]


Current CompileTask:
C2:   6818 4202       4       org.codehaus.groovy.runtime.metaclass.MetaMethodIndex::isMatchingMethod (65 bytes)

Stack: [0x000000d932f00000,0x000000d933000000]
Native frames: (J=compiled Java code, j=interpreted, Vv=VM code, C=native code)
V  [jvm.dll+0x5ecfaa]
V  [jvm.dll+0x722bd5]
V  [jvm.dll+0x72412d]
V  [jvm.dll+0x7247e3]
V  [jvm.dll+0x242928]
V  [jvm.dll+0xbc4fc]
V  [jvm.dll+0xbca0c]
V  [jvm.dll+0x352d7d]
V  [jvm.dll+0x197e0c]
V  [jvm.dll+0x1fb70e]
V  [jvm.dll+0x1fa7f4]
V  [jvm.dll+0x18354c]
V  [jvm.dll+0x208ee7]
V  [jvm.dll+0x207731]
V  [jvm.dll+0x6eb1cf]
V  [jvm.dll+0x6e3d45]
V  [jvm.dll+0x5ebe96]
C  [ucrtbase.dll+0x21bb2]
C  [KERNEL32.DLL+0x17034]
C  [ntdll.dll+0x52651]


---------------  P R O C E S S  ---------------

Threads class SMR info:
_java_thread_list=0x000002495935bf10, length=134, elements={
0x000002493ce5f800, 0x0000024955ffd800, 0x0000024955feb800, 0x0000024956875800,
0x0000024956877800, 0x0000024956878800, 0x0000024956883800, 0x000002495688b000,
0x0000024956898800, 0x00000249569ff800, 0x0000024956a04000, 0x0000024956a02000,
0x0000024956a03000, 0x0000024956a01800, 0x0000024956a00800, 0x00000249569fe000,
0x0000024956a04800, 0x00000249569ff000, 0x0000024958774000, 0x0000024958777000,
0x0000024958773000, 0x0000024958778000, 0x0000024958772800, 0x0000024958779800,
0x000002495877a800, 0x0000024958775000, 0x0000024958779000, 0x000002495877b800,
0x000002495877c000, 0x0000024958776800, 0x0000024958781000, 0x0000024958780000,
0x000002495877e800, 0x000002495877d800, 0x000002495ac1c800, 0x000002495ac1f800,
0x000002495ac1a000, 0x000002495ac1f000, 0x000002495ac1b800, 0x000002495ac1d800,
0x000002495ac20800, 0x000002495ac1e000, 0x000002495ac1b000, 0x000002495ac21800,
0x000002495ac27000, 0x000002495ac28000, 0x000002495ac22000, 0x000002495ac28800,
0x000002495ac25800, 0x000002495ac23000, 0x000002495ac24800, 0x000002495ac24000,
0x000002495ac26000, 0x00000249589c8000, 0x00000249589c5800, 0x00000249589c6000,
0x00000249589c3000, 0x00000249589c4000, 0x00000249589c8800, 0x00000249589c9800,
0x00000249589ca800, 0x00000249589c4800, 0x00000249589cd000, 0x00000249589cc000,
0x00000249589cb000, 0x00000249589c7000, 0x00000249589ce800, 0x00000249589cf000,
0x00000249589d1000, 0x00000249589d1800, 0x00000249589d0000, 0x00000249589cd800,
0x00000249592a0000, 0x000002495929c000, 0x00000249592a1000, 0x000002495929e800,
0x000002495929b800, 0x000002495929f800, 0x00000249592a2000, 0x000002495929d000,
0x00000249592a2800, 0x00000249592a3800, 0x000002495929d800, 0x00000249592aa000,
0x00000249592a8800, 0x00000249592a7800, 0x00000249592a4800, 0x00000249592a9000,
0x00000249592a5000, 0x00000249592a6000, 0x00000249592a6800, 0x0000024959385000,
0x0000024959380000, 0x0000024959382800, 0x0000024959381800, 0x000002495937f000,
0x0000024959383000, 0x0000024959384000, 0x0000024959385800, 0x0000024959386800,
0x0000024959380800, 0x0000024959387800, 0x000002495938d000, 0x000002495938a800,
0x000002495938b800, 0x000002495938e000, 0x0000024959388000, 0x0000024959389000,
0x0000024959389800, 0x000002495938c000, 0x000002495784f000, 0x000002495784e800,
0x0000024957850000, 0x000002495784d800, 0x0000024957851000, 0x0000024957855000,
0x0000024957851800, 0x0000024957852800, 0x0000024957859000, 0x0000024957853000,
0x0000024957855800, 0x0000024957856800, 0x0000024957857800, 0x0000024957859800,
0x0000024957858000, 0x0000024957854000, 0x000002495785a800, 0x000002495785b800,
0x000002495785c000, 0x000002495b1fd800, 0x000002495b1f8800, 0x000002495b1fc800,
0x00000249592b1800, 0x000002495b79f800
}

Java Threads: ( => current thread )
  0x000002493ce5f800 JavaThread "main" [_thread_blocked, id=2076, stack(0x000000d932300000,0x000000d932400000)]
  0x0000024955ffd800 JavaThread "Reference Handler" daemon [_thread_blocked, id=16176, stack(0x000000d932a00000,0x000000d932b00000)]
  0x0000024955feb800 JavaThread "Finalizer" daemon [_thread_blocked, id=13376, stack(0x000000d932b00000,0x000000d932c00000)]
  0x0000024956875800 JavaThread "Signal Dispatcher" daemon [_thread_blocked, id=14416, stack(0x000000d932c00000,0x000000d932d00000)]
  0x0000024956877800 JavaThread "Attach Listener" daemon [_thread_blocked, id=7440, stack(0x000000d932d00000,0x000000d932e00000)]
  0x0000024956878800 JavaThread "Service Thread" daemon [_thread_blocked, id=22228, stack(0x000000d932e00000,0x000000d932f00000)]
=>0x0000024956883800 JavaThread "C2 CompilerThread0" daemon [_thread_in_native, id=22856, stack(0x000000d932f00000,0x000000d933000000)]
  0x000002495688b000 JavaThread "C1 CompilerThread0" daemon [_thread_blocked, id=11872, stack(0x000000d933000000,0x000000d933100000)]
  0x0000024956898800 JavaThread "Sweeper thread" daemon [_thread_blocked, id=2220, stack(0x000000d933100000,0x000000d933200000)]
  0x00000249569ff800 JavaThread "Common-Cleaner" daemon [_thread_blocked, id=16400, stack(0x000000d933200000,0x000000d933300000)]
  0x0000024956a04000 JavaThread "Daemon health stats" [_thread_blocked, id=8004, stack(0x000000d933600000,0x000000d933700000)]
  0x0000024956a02000 JavaThread "Incoming local TCP Connector on port 56632" [_thread_in_native, id=8916, stack(0x000000d933900000,0x000000d933a00000)]
  0x0000024956a03000 JavaThread "Daemon periodic checks" [_thread_blocked, id=8820, stack(0x000000d933a00000,0x000000d933b00000)]
  0x0000024956a01800 JavaThread "Daemon" [_thread_blocked, id=23436, stack(0x000000d933b00000,0x000000d933c00000)]
  0x0000024956a00800 JavaThread "Handler for socket connection from /127.0.0.1:56632 to /127.0.0.1:56633" [_thread_in_native, id=20268, stack(0x000000d933c00000,0x000000d933d00000)]
  0x00000249569fe000 JavaThread "Cancel handler" [_thread_blocked, id=3420, stack(0x000000d933d00000,0x000000d933e00000)]
  0x0000024956a04800 JavaThread "Daemon worker" [_thread_in_native, id=7224, stack(0x000000d933e00000,0x000000d933f00000)]
  0x00000249569ff000 JavaThread "Asynchronous log dispatcher for DefaultDaemonConnection: socket connection from /127.0.0.1:56632 to /127.0.0.1:56633" [_thread_blocked, id=13356, stack(0x000000d933f00000,0x000000d934000000)]
  0x0000024958774000 JavaThread "Stdin handler" [_thread_blocked, id=8884, stack(0x000000d934000000,0x000000d934100000)]
  0x0000024958777000 JavaThread "Thread-8" [_thread_blocked, id=9784, stack(0x000000d934100000,0x000000d934200000)]
  0x0000024958773000 JavaThread "Cache worker for file hash cache (C:\Users\nguye\.gradle\caches\6.7\fileHashes)" [_thread_blocked, id=6016, stack(0x000000d934700000,0x000000d934800000)]
  0x0000024958778000 JavaThread "File lock request listener" [_thread_in_native, id=20216, stack(0x000000d934800000,0x000000d934900000)]
  0x0000024958772800 JavaThread "Cache worker for journal cache (C:\Users\nguye\.gradle\caches\journal-1)" [_thread_blocked, id=15552, stack(0x000000d934900000,0x000000d934a00000)]
  0x0000024958779800 JavaThread "Cache worker for file hash cache (F:\Mist_app\android\.gradle\6.7\fileHashes)" [_thread_blocked, id=18972, stack(0x000000d934b00000,0x000000d934c00000)]
  0x000002495877a800 JavaThread "Cache worker for checksums cache (F:\Mist_app\android\.gradle\checksums)" [_thread_blocked, id=11728, stack(0x000000d934c00000,0x000000d934d00000)]
  0x0000024958775000 JavaThread "Cache worker for cache directory md-supplier (C:\Users\nguye\.gradle\caches\6.7\md-supplier)" [_thread_blocked, id=17516, stack(0x000000d934d00000,0x000000d934e00000)]
  0x0000024958779000 JavaThread "Cache worker for cache directory md-rule (C:\Users\nguye\.gradle\caches\6.7\md-rule)" [_thread_blocked, id=23372, stack(0x000000d934e00000,0x000000d934f00000)]
  0x000002495877b800 JavaThread "Cache worker for execution history cache (C:\Users\nguye\.gradle\caches\6.7\executionHistory)" [_thread_blocked, id=12496, stack(0x000000d934f00000,0x000000d935000000)]
  0x000002495877c000 JavaThread "jar transforms" [_thread_blocked, id=14444, stack(0x000000d935000000,0x000000d935100000)]
  0x0000024958776800 JavaThread "Cache worker for file content cache (C:\Users\nguye\.gradle\caches\6.7\fileContent)" [_thread_blocked, id=7176, stack(0x000000d935100000,0x000000d935200000)]
  0x0000024958781000 JavaThread "Cache worker for Build Output Cleanup Cache (F:\Mist_app\android\.gradle\buildOutputCleanup)" [_thread_blocked, id=23008, stack(0x000000d935200000,0x000000d935300000)]
  0x0000024958780000 JavaThread "Build operations" [_thread_blocked, id=11656, stack(0x000000d935300000,0x000000d935400000)]
  0x000002495877e800 JavaThread "Build operations Thread 2" [_thread_blocked, id=12820, stack(0x000000d935400000,0x000000d935500000)]
  0x000002495877d800 JavaThread "Build operations Thread 3" [_thread_blocked, id=5576, stack(0x000000d935500000,0x000000d935600000)]
  0x000002495ac1c800 JavaThread "Build operations Thread 4" [_thread_blocked, id=22056, stack(0x000000d935600000,0x000000d935700000)]
  0x000002495ac1f800 JavaThread "Build operations Thread 5" [_thread_blocked, id=6732, stack(0x000000d935700000,0x000000d935800000)]
  0x000002495ac1a000 JavaThread "Build operations Thread 6" [_thread_blocked, id=10972, stack(0x000000d935800000,0x000000d935900000)]
  0x000002495ac1f000 JavaThread "Build operations Thread 7" [_thread_blocked, id=10024, stack(0x000000d935900000,0x000000d935a00000)]
  0x000002495ac1b800 JavaThread "Build operations Thread 8" [_thread_blocked, id=5736, stack(0x000000d935a00000,0x000000d935b00000)]
  0x000002495ac1d800 JavaThread "jar transforms Thread 2" [_thread_blocked, id=14920, stack(0x000000d935b00000,0x000000d935c00000)]
  0x000002495ac20800 JavaThread "jar transforms Thread 3" [_thread_blocked, id=12328, stack(0x000000d935c00000,0x000000d935d00000)]
  0x000002495ac1e000 JavaThread "jar transforms Thread 4" [_thread_blocked, id=1616, stack(0x000000d935d00000,0x000000d935e00000)]
  0x000002495ac1b000 JavaThread "jar transforms Thread 5" [_thread_blocked, id=9292, stack(0x000000d935e00000,0x000000d935f00000)]
  0x000002495ac21800 JavaThread "jar transforms Thread 6" [_thread_blocked, id=20740, stack(0x000000d935f00000,0x000000d936000000)]
  0x000002495ac27000 JavaThread "jar transforms Thread 7" [_thread_blocked, id=16044, stack(0x000000d936000000,0x000000d936100000)]
  0x000002495ac28000 JavaThread "jar transforms Thread 8" [_thread_blocked, id=12500, stack(0x000000d936100000,0x000000d936200000)]
  0x000002495ac22000 JavaThread "jar transforms Thread 9" [_thread_blocked, id=16356, stack(0x000000d936200000,0x000000d936300000)]
  0x000002495ac28800 JavaThread "jar transforms Thread 10" [_thread_blocked, id=15480, stack(0x000000d936300000,0x000000d936400000)]
  0x000002495ac25800 JavaThread "jar transforms Thread 11" [_thread_blocked, id=1964, stack(0x000000d936400000,0x000000d936500000)]
  0x000002495ac23000 JavaThread "jar transforms Thread 12" [_thread_blocked, id=17540, stack(0x000000d936500000,0x000000d936600000)]
  0x000002495ac24800 JavaThread "jar transforms Thread 13" [_thread_blocked, id=21612, stack(0x000000d936600000,0x000000d936700000)]
  0x000002495ac24000 JavaThread "jar transforms Thread 14" [_thread_blocked, id=23444, stack(0x000000d936700000,0x000000d936800000)]
  0x000002495ac26000 JavaThread "jar transforms Thread 15" [_thread_blocked, id=2320, stack(0x000000d936800000,0x000000d936900000)]
  0x00000249589c8000 JavaThread "jar transforms Thread 16" [_thread_blocked, id=12824, stack(0x000000d936900000,0x000000d936a00000)]
  0x00000249589c5800 JavaThread "jar transforms Thread 17" [_thread_blocked, id=16304, stack(0x000000d936a00000,0x000000d936b00000)]
  0x00000249589c6000 JavaThread "jar transforms Thread 18" [_thread_blocked, id=7564, stack(0x000000d936b00000,0x000000d936c00000)]
  0x00000249589c3000 JavaThread "jar transforms Thread 19" [_thread_blocked, id=3440, stack(0x000000d936c00000,0x000000d936d00000)]
  0x00000249589c4000 JavaThread "jar transforms Thread 20" [_thread_blocked, id=20948, stack(0x000000d936d00000,0x000000d936e00000)]
  0x00000249589c8800 JavaThread "jar transforms Thread 21" [_thread_blocked, id=20832, stack(0x000000d936e00000,0x000000d936f00000)]
  0x00000249589c9800 JavaThread "jar transforms Thread 22" [_thread_blocked, id=5488, stack(0x000000d936f00000,0x000000d937000000)]
  0x00000249589ca800 JavaThread "jar transforms Thread 23" [_thread_blocked, id=2460, stack(0x000000d937000000,0x000000d937100000)]
  0x00000249589c4800 JavaThread "jar transforms Thread 24" [_thread_blocked, id=8572, stack(0x000000d937100000,0x000000d937200000)]
  0x00000249589cd000 JavaThread "jar transforms Thread 25" [_thread_blocked, id=18016, stack(0x000000d937200000,0x000000d937300000)]
  0x00000249589cc000 JavaThread "jar transforms Thread 26" [_thread_blocked, id=13328, stack(0x000000d937300000,0x000000d937400000)]
  0x00000249589cb000 JavaThread "jar transforms Thread 27" [_thread_blocked, id=9952, stack(0x000000d937400000,0x000000d937500000)]
  0x00000249589c7000 JavaThread "jar transforms Thread 28" [_thread_blocked, id=6904, stack(0x000000d937500000,0x000000d937600000)]
  0x00000249589ce800 JavaThread "jar transforms Thread 29" [_thread_blocked, id=5640, stack(0x000000d937600000,0x000000d937700000)]
  0x00000249589cf000 JavaThread "jar transforms Thread 30" [_thread_blocked, id=14908, stack(0x000000d937700000,0x000000d937800000)]
  0x00000249589d1000 JavaThread "jar transforms Thread 31" [_thread_blocked, id=12356, stack(0x000000d937800000,0x000000d937900000)]
  0x00000249589d1800 JavaThread "jar transforms Thread 32" [_thread_blocked, id=22944, stack(0x000000d937900000,0x000000d937a00000)]
  0x00000249589d0000 JavaThread "jar transforms Thread 33" [_thread_blocked, id=13984, stack(0x000000d937a00000,0x000000d937b00000)]
  0x00000249589cd800 JavaThread "jar transforms Thread 34" [_thread_blocked, id=16048, stack(0x000000d937b00000,0x000000d937c00000)]
  0x00000249592a0000 JavaThread "jar transforms Thread 35" [_thread_blocked, id=22700, stack(0x000000d937c00000,0x000000d937d00000)]
  0x000002495929c000 JavaThread "jar transforms Thread 36" [_thread_blocked, id=13876, stack(0x000000d937d00000,0x000000d937e00000)]
  0x00000249592a1000 JavaThread "jar transforms Thread 37" [_thread_blocked, id=20060, stack(0x000000d937e00000,0x000000d937f00000)]
  0x000002495929e800 JavaThread "jar transforms Thread 38" [_thread_blocked, id=12588, stack(0x000000d937f00000,0x000000d938000000)]
  0x000002495929b800 JavaThread "jar transforms Thread 39" [_thread_blocked, id=21852, stack(0x000000d938000000,0x000000d938100000)]
  0x000002495929f800 JavaThread "jar transforms Thread 40" [_thread_blocked, id=1944, stack(0x000000d938100000,0x000000d938200000)]
  0x00000249592a2000 JavaThread "jar transforms Thread 41" [_thread_blocked, id=18536, stack(0x000000d938200000,0x000000d938300000)]
  0x000002495929d000 JavaThread "jar transforms Thread 42" [_thread_blocked, id=16716, stack(0x000000d938300000,0x000000d938400000)]
  0x00000249592a2800 JavaThread "jar transforms Thread 43" [_thread_blocked, id=14596, stack(0x000000d938400000,0x000000d938500000)]
  0x00000249592a3800 JavaThread "jar transforms Thread 44" [_thread_blocked, id=11140, stack(0x000000d938500000,0x000000d938600000)]
  0x000002495929d800 JavaThread "jar transforms Thread 45" [_thread_blocked, id=16856, stack(0x000000d938600000,0x000000d938700000)]
  0x00000249592aa000 JavaThread "jar transforms Thread 46" [_thread_blocked, id=9776, stack(0x000000d938700000,0x000000d938800000)]
  0x00000249592a8800 JavaThread "jar transforms Thread 47" [_thread_blocked, id=17404, stack(0x000000d938800000,0x000000d938900000)]
  0x00000249592a7800 JavaThread "jar transforms Thread 48" [_thread_blocked, id=7136, stack(0x000000d938900000,0x000000d938a00000)]
  0x00000249592a4800 JavaThread "jar transforms Thread 49" [_thread_blocked, id=8444, stack(0x000000d938a00000,0x000000d938b00000)]
  0x00000249592a9000 JavaThread "jar transforms Thread 50" [_thread_blocked, id=9836, stack(0x000000d938b00000,0x000000d938c00000)]
  0x00000249592a5000 JavaThread "jar transforms Thread 51" [_thread_blocked, id=18288, stack(0x000000d938c00000,0x000000d938d00000)]
  0x00000249592a6000 JavaThread "jar transforms Thread 52" [_thread_blocked, id=15496, stack(0x000000d938d00000,0x000000d938e00000)]
  0x00000249592a6800 JavaThread "jar transforms Thread 53" [_thread_blocked, id=20996, stack(0x000000d938e00000,0x000000d938f00000)]
  0x0000024959385000 JavaThread "jar transforms Thread 54" [_thread_blocked, id=20868, stack(0x000000d938f00000,0x000000d939000000)]
  0x0000024959380000 JavaThread "jar transforms Thread 55" [_thread_blocked, id=4576, stack(0x000000d939000000,0x000000d939100000)]
  0x0000024959382800 JavaThread "jar transforms Thread 56" [_thread_blocked, id=17032, stack(0x000000d939100000,0x000000d939200000)]
  0x0000024959381800 JavaThread "jar transforms Thread 57" [_thread_blocked, id=18732, stack(0x000000d939200000,0x000000d939300000)]
  0x000002495937f000 JavaThread "jar transforms Thread 58" [_thread_blocked, id=6188, stack(0x000000d939300000,0x000000d939400000)]
  0x0000024959383000 JavaThread "jar transforms Thread 59" [_thread_blocked, id=4392, stack(0x000000d939400000,0x000000d939500000)]
  0x0000024959384000 JavaThread "jar transforms Thread 60" [_thread_blocked, id=7652, stack(0x000000d939500000,0x000000d939600000)]
  0x0000024959385800 JavaThread "jar transforms Thread 61" [_thread_blocked, id=11340, stack(0x000000d939600000,0x000000d939700000)]
  0x0000024959386800 JavaThread "jar transforms Thread 62" [_thread_blocked, id=18032, stack(0x000000d939700000,0x000000d939800000)]
  0x0000024959380800 JavaThread "jar transforms Thread 63" [_thread_blocked, id=16892, stack(0x000000d939800000,0x000000d939900000)]
  0x0000024959387800 JavaThread "jar transforms Thread 64" [_thread_blocked, id=7272, stack(0x000000d939900000,0x000000d939a00000)]
  0x000002495938d000 JavaThread "jar transforms Thread 65" [_thread_blocked, id=14724, stack(0x000000d939a00000,0x000000d939b00000)]
  0x000002495938a800 JavaThread "jar transforms Thread 66" [_thread_blocked, id=13156, stack(0x000000d939b00000,0x000000d939c00000)]
  0x000002495938b800 JavaThread "jar transforms Thread 67" [_thread_blocked, id=13760, stack(0x000000d939c00000,0x000000d939d00000)]
  0x000002495938e000 JavaThread "jar transforms Thread 68" [_thread_blocked, id=4416, stack(0x000000d939d00000,0x000000d939e00000)]
  0x0000024959388000 JavaThread "jar transforms Thread 69" [_thread_blocked, id=19308, stack(0x000000d939e00000,0x000000d939f00000)]
  0x0000024959389000 JavaThread "jar transforms Thread 70" [_thread_blocked, id=20408, stack(0x000000d939f00000,0x000000d93a000000)]
  0x0000024959389800 JavaThread "jar transforms Thread 71" [_thread_blocked, id=16036, stack(0x000000d93a000000,0x000000d93a100000)]
  0x000002495938c000 JavaThread "jar transforms Thread 72" [_thread_blocked, id=7672, stack(0x000000d93a100000,0x000000d93a200000)]
  0x000002495784f000 JavaThread "jar transforms Thread 73" [_thread_blocked, id=6552, stack(0x000000d93a200000,0x000000d93a300000)]
  0x000002495784e800 JavaThread "jar transforms Thread 74" [_thread_blocked, id=3212, stack(0x000000d93a300000,0x000000d93a400000)]
  0x0000024957850000 JavaThread "jar transforms Thread 75" [_thread_blocked, id=12828, stack(0x000000d93a400000,0x000000d93a500000)]
  0x000002495784d800 JavaThread "jar transforms Thread 76" [_thread_blocked, id=16776, stack(0x000000d93a500000,0x000000d93a600000)]
  0x0000024957851000 JavaThread "jar transforms Thread 77" [_thread_blocked, id=1376, stack(0x000000d93a600000,0x000000d93a700000)]
  0x0000024957855000 JavaThread "jar transforms Thread 78" [_thread_blocked, id=13976, stack(0x000000d93a700000,0x000000d93a800000)]
  0x0000024957851800 JavaThread "jar transforms Thread 79" [_thread_blocked, id=18728, stack(0x000000d93a800000,0x000000d93a900000)]
  0x0000024957852800 JavaThread "jar transforms Thread 80" [_thread_blocked, id=14256, stack(0x000000d93a900000,0x000000d93aa00000)]
  0x0000024957859000 JavaThread "jar transforms Thread 81" [_thread_blocked, id=16576, stack(0x000000d93aa00000,0x000000d93ab00000)]
  0x0000024957853000 JavaThread "jar transforms Thread 82" [_thread_blocked, id=14852, stack(0x000000d93ab00000,0x000000d93ac00000)]
  0x0000024957855800 JavaThread "jar transforms Thread 83" [_thread_blocked, id=12872, stack(0x000000d93ac00000,0x000000d93ad00000)]
  0x0000024957856800 JavaThread "jar transforms Thread 84" [_thread_blocked, id=3320, stack(0x000000d93ad00000,0x000000d93ae00000)]
  0x0000024957857800 JavaThread "jar transforms Thread 85" [_thread_blocked, id=22052, stack(0x000000d93ae00000,0x000000d93af00000)]
  0x0000024957859800 JavaThread "jar transforms Thread 86" [_thread_blocked, id=8408, stack(0x000000d93af00000,0x000000d93b000000)]
  0x0000024957858000 JavaThread "jar transforms Thread 87" [_thread_blocked, id=8272, stack(0x000000d93b000000,0x000000d93b100000)]
  0x0000024957854000 JavaThread "jar transforms Thread 88" [_thread_blocked, id=21020, stack(0x000000d93b100000,0x000000d93b200000)]
  0x000002495785a800 JavaThread "jar transforms Thread 89" [_thread_blocked, id=16436, stack(0x000000d93b200000,0x000000d93b300000)]
  0x000002495785b800 JavaThread "jar transforms Thread 90" [_thread_blocked, id=14436, stack(0x000000d93b300000,0x000000d93b400000)]
  0x000002495785c000 JavaThread "jar transforms Thread 91" [_thread_blocked, id=17088, stack(0x000000d93b400000,0x000000d93b500000)]
  0x000002495b1fd800 JavaThread "jar transforms Thread 92" [_thread_blocked, id=11884, stack(0x000000d93b500000,0x000000d93b600000)]
  0x000002495b1f8800 JavaThread "jar transforms Thread 93" [_thread_blocked, id=1424, stack(0x000000d93b600000,0x000000d93b700000)]
  0x000002495b1fc800 JavaThread "jar transforms Thread 94" [_thread_blocked, id=9156, stack(0x000000d93b700000,0x000000d93b800000)]
  0x00000249592b1800 JavaThread "C2 CompilerThread1" daemon [_thread_in_native, id=21396, stack(0x000000d93b800000,0x000000d93b900000)]
  0x000002495b79f800 JavaThread "C2 CompilerThread2" daemon [_thread_blocked, id=12092, stack(0x000000d93b900000,0x000000d93ba00000)]

Other Threads:
  0x0000024955feb000 VMThread "VM Thread" [stack: 0x000000d932900000,0x000000d932a00000] [id=19792]
  0x0000024956a14800 WatcherThread [stack: 0x000000d933300000,0x000000d933400000] [id=1000]
  0x000002493ce77000 GCTaskThread "GC Thread#0" [stack: 0x000000d932400000,0x000000d932500000] [id=5312]
  0x00000249575ab000 GCTaskThread "GC Thread#1" [stack: 0x000000d933400000,0x000000d933500000] [id=11476]
  0x0000024957475800 GCTaskThread "GC Thread#2" [stack: 0x000000d933500000,0x000000d933600000] [id=22996]
  0x0000024958760800 GCTaskThread "GC Thread#3" [stack: 0x000000d934200000,0x000000d934300000] [id=13800]
  0x00000249583e5000 GCTaskThread "GC Thread#4" [stack: 0x000000d934300000,0x000000d934400000] [id=21936]
  0x00000249581ab000 GCTaskThread "GC Thread#5" [stack: 0x000000d934400000,0x000000d934500000] [id=19680]
  0x0000024958233800 GCTaskThread "GC Thread#6" [stack: 0x000000d934500000,0x000000d934600000] [id=8008]
  0x0000024958211800 GCTaskThread "GC Thread#7" [stack: 0x000000d934600000,0x000000d934700000] [id=18888]
  0x000002493ce9f000 ConcurrentGCThread "G1 Main Marker" [stack: 0x000000d932500000,0x000000d932600000] [id=22176]
  0x000002493cea0000 ConcurrentGCThread "G1 Conc#0" [stack: 0x000000d932600000,0x000000d932700000] [id=12360]
  0x000002495829d800 ConcurrentGCThread "G1 Conc#1" [stack: 0x000000d934a00000,0x000000d934b00000] [id=20932]
  0x0000024955e54800 ConcurrentGCThread "G1 Refine#0" [stack: 0x000000d932700000,0x000000d932800000] [id=23432]
  0x0000024955e55800 ConcurrentGCThread "G1 Young RemSet Sampling" [stack: 0x000000d932800000,0x000000d932900000] [id=22320]

Threads with active compile tasks:
C2 CompilerThread0   6888 4202       4       org.codehaus.groovy.runtime.metaclass.MetaMethodIndex::isMatchingMethod (65 bytes)
C2 CompilerThread1   6888 4209       4       org.codehaus.groovy.reflection.CachedMethod::compareToCachedMethod (160 bytes)

VM state:not at safepoint (normal execution)

VM Mutex/Monitor currently owned by a thread: None

Heap address: 0x00000000a0000000, size: 1536 MB, Compressed Oops mode: 32-bit
Narrow klass base: 0x0000000000000000, Narrow klass shift: 3
Compressed class space size: 1073741824 Address: 0x0000000100000000

Heap:
 garbage-first heap   total 131072K, used 36166K [0x00000000a0000000, 0x0000000100000000)
  region size 1024K, 16 young (16384K), 7 survivors (7168K)
 Metaspace       used 44240K, capacity 45261K, committed 45468K, reserved 1089536K
  class space    used 5661K, capacity 6028K, committed 6144K, reserved 1048576K
Heap Regions: E=young(eden), S=young(survivor), O=old, HS=humongous(starts), HC=humongous(continues), CS=collection set, F=free, A=archive, TAMS=top-at-mark-start (previous, next)
|   0|0x00000000a0000000, 0x00000000a0100000, 0x00000000a0100000|100%| O|  |TAMS 0x00000000a0100000, 0x00000000a0000000| Untracked 
|   1|0x00000000a0100000, 0x00000000a0200000, 0x00000000a0200000|100%| O|  |TAMS 0x00000000a0200000, 0x00000000a0100000| Untracked 
|   2|0x00000000a0200000, 0x00000000a0300000, 0x00000000a0300000|100%| O|  |TAMS 0x00000000a0300000, 0x00000000a0200000| Untracked 
|   3|0x00000000a0300000, 0x00000000a0400000, 0x00000000a0400000|100%|HS|  |TAMS 0x00000000a0400000, 0x00000000a0300000| Complete 
|   4|0x00000000a0400000, 0x00000000a0500000, 0x00000000a0500000|100%|HC|  |TAMS 0x00000000a0500000, 0x00000000a0400000| Complete 
|   5|0x00000000a0500000, 0x00000000a0600000, 0x00000000a0600000|100%|HC|  |TAMS 0x00000000a0600000, 0x00000000a0500000| Complete 
|   6|0x00000000a0600000, 0x00000000a0700000, 0x00000000a0700000|100%| O|  |TAMS 0x00000000a0700000, 0x00000000a0600000| Untracked 
|   7|0x00000000a0700000, 0x00000000a0800000, 0x00000000a0800000|100%| O|  |TAMS 0x00000000a0800000, 0x00000000a0700000| Untracked 
|   8|0x00000000a0800000, 0x00000000a0900000, 0x00000000a0900000|100%| O|  |TAMS 0x00000000a0900000, 0x00000000a0800000| Untracked 
|   9|0x00000000a0900000, 0x00000000a0a00000, 0x00000000a0a00000|100%| O|  |TAMS 0x00000000a0a00000, 0x00000000a0900000| Untracked 
|  10|0x00000000a0a00000, 0x00000000a0b00000, 0x00000000a0b00000|100%| O|  |TAMS 0x00000000a0b00000, 0x00000000a0a00000| Untracked 
|  11|0x00000000a0b00000, 0x00000000a0c00000, 0x00000000a0c00000|100%| O|  |TAMS 0x00000000a0c00000, 0x00000000a0b00000| Untracked 
|  12|0x00000000a0c00000, 0x00000000a0d00000, 0x00000000a0d00000|100%| O|  |TAMS 0x00000000a0d00000, 0x00000000a0c00000| Untracked 
|  13|0x00000000a0d00000, 0x00000000a0e00000, 0x00000000a0e00000|100%| O|  |TAMS 0x00000000a0e00000, 0x00000000a0d00000| Untracked 
|  14|0x00000000a0e00000, 0x00000000a0f00000, 0x00000000a0f00000|100%| O|  |TAMS 0x00000000a0f00000, 0x00000000a0e00000| Untracked 
|  15|0x00000000a0f00000, 0x00000000a1000000, 0x00000000a1000000|100%| O|  |TAMS 0x00000000a0f18a00, 0x00000000a0f00000| Untracked 
|  16|0x00000000a1000000, 0x00000000a1100000, 0x00000000a1100000|100%| O|  |TAMS 0x00000000a1000000, 0x00000000a1000000| Untracked 
|  17|0x00000000a1100000, 0x00000000a1200000, 0x00000000a1200000|100%| O|  |TAMS 0x00000000a1100000, 0x00000000a1100000| Untracked 
|  18|0x00000000a1200000, 0x00000000a12d9200, 0x00000000a1300000| 84%| O|  |TAMS 0x00000000a1200000, 0x00000000a1200000| Untracked 
|  19|0x00000000a1300000, 0x00000000a1400000, 0x00000000a1400000|100%| O|  |TAMS 0x00000000a1300000, 0x00000000a1300000| Untracked 
|  20|0x00000000a1400000, 0x00000000a1500000, 0x00000000a1500000|100%| O|  |TAMS 0x00000000a1400000, 0x00000000a1400000| Untracked 
|  21|0x00000000a1500000, 0x00000000a1600000, 0x00000000a1600000|100%|HS|  |TAMS 0x00000000a1500000, 0x00000000a1500000| Complete 
|  22|0x00000000a1600000, 0x00000000a1600000, 0x00000000a1700000|  0%| F|  |TAMS 0x00000000a1600000, 0x00000000a1600000| Untracked 
|  23|0x00000000a1700000, 0x00000000a1700000, 0x00000000a1800000|  0%| F|  |TAMS 0x00000000a1700000, 0x00000000a1700000| Untracked 
|  24|0x00000000a1800000, 0x00000000a1800000, 0x00000000a1900000|  0%| F|  |TAMS 0x00000000a1800000, 0x00000000a1800000| Untracked 
|  25|0x00000000a1900000, 0x00000000a1900000, 0x00000000a1a00000|  0%| F|  |TAMS 0x00000000a1900000, 0x00000000a1900000| Untracked 
|  26|0x00000000a1a00000, 0x00000000a1a00000, 0x00000000a1b00000|  0%| F|  |TAMS 0x00000000a1a00000, 0x00000000a1a00000| Untracked 
|  27|0x00000000a1b00000, 0x00000000a1b00000, 0x00000000a1c00000|  0%| F|  |TAMS 0x00000000a1b00000, 0x00000000a1b00000| Untracked 
|  28|0x00000000a1c00000, 0x00000000a1c00000, 0x00000000a1d00000|  0%| F|  |TAMS 0x00000000a1c00000, 0x00000000a1c00000| Untracked 
|  29|0x00000000a1d00000, 0x00000000a1d00000, 0x00000000a1e00000|  0%| F|  |TAMS 0x00000000a1d00000, 0x00000000a1d00000| Untracked 
|  30|0x00000000a1e00000, 0x00000000a1e00000, 0x00000000a1f00000|  0%| F|  |TAMS 0x00000000a1e00000, 0x00000000a1e00000| Untracked 
|  31|0x00000000a1f00000, 0x00000000a1f00000, 0x00000000a2000000|  0%| F|  |TAMS 0x00000000a1f00000, 0x00000000a1f00000| Untracked 
|  32|0x00000000a2000000, 0x00000000a2000000, 0x00000000a2100000|  0%| F|  |TAMS 0x00000000a2000000, 0x00000000a2000000| Untracked 
|  33|0x00000000a2100000, 0x00000000a2100000, 0x00000000a2200000|  0%| F|  |TAMS 0x00000000a2100000, 0x00000000a2100000| Untracked 
|  34|0x00000000a2200000, 0x00000000a2200000, 0x00000000a2300000|  0%| F|  |TAMS 0x00000000a2200000, 0x00000000a2200000| Untracked 
|  35|0x00000000a2300000, 0x00000000a2300000, 0x00000000a2400000|  0%| F|  |TAMS 0x00000000a2300000, 0x00000000a2300000| Untracked 
|  36|0x00000000a2400000, 0x00000000a2400000, 0x00000000a2500000|  0%| F|  |TAMS 0x00000000a2400000, 0x00000000a2400000| Untracked 
|  37|0x00000000a2500000, 0x00000000a2500000, 0x00000000a2600000|  0%| F|  |TAMS 0x00000000a2500000, 0x00000000a2500000| Untracked 
|  38|0x00000000a2600000, 0x00000000a2600000, 0x00000000a2700000|  0%| F|  |TAMS 0x00000000a2600000, 0x00000000a2600000| Untracked 
|  39|0x00000000a2700000, 0x00000000a2700000, 0x00000000a2800000|  0%| F|  |TAMS 0x00000000a2700000, 0x00000000a2700000| Untracked 
|  40|0x00000000a2800000, 0x00000000a2800000, 0x00000000a2900000|  0%| F|  |TAMS 0x00000000a2800000, 0x00000000a2800000| Untracked 
|  41|0x00000000a2900000, 0x00000000a2900000, 0x00000000a2a00000|  0%| F|  |TAMS 0x00000000a2900000, 0x00000000a2900000| Untracked 
|  42|0x00000000a2a00000, 0x00000000a2a00000, 0x00000000a2b00000|  0%| F|  |TAMS 0x00000000a2a00000, 0x00000000a2a00000| Untracked 
|  43|0x00000000a2b00000, 0x00000000a2b00000, 0x00000000a2c00000|  0%| F|  |TAMS 0x00000000a2b00000, 0x00000000a2b00000| Untracked 
|  44|0x00000000a2c00000, 0x00000000a2c00000, 0x00000000a2d00000|  0%| F|  |TAMS 0x00000000a2c00000, 0x00000000a2c00000| Untracked 
|  45|0x00000000a2d00000, 0x00000000a2d00000, 0x00000000a2e00000|  0%| F|  |TAMS 0x00000000a2d00000, 0x00000000a2d00000| Untracked 
|  46|0x00000000a2e00000, 0x00000000a2e00000, 0x00000000a2f00000|  0%| F|  |TAMS 0x00000000a2e00000, 0x00000000a2e00000| Untracked 
|  47|0x00000000a2f00000, 0x00000000a2f00000, 0x00000000a3000000|  0%| F|  |TAMS 0x00000000a2f00000, 0x00000000a2f00000| Untracked 
|  48|0x00000000a3000000, 0x00000000a3000000, 0x00000000a3100000|  0%| F|  |TAMS 0x00000000a3000000, 0x00000000a3000000| Untracked 
|  49|0x00000000a3100000, 0x00000000a3100000, 0x00000000a3200000|  0%| F|  |TAMS 0x00000000a3100000, 0x00000000a3100000| Untracked 
|  50|0x00000000a3200000, 0x00000000a3200000, 0x00000000a3300000|  0%| F|  |TAMS 0x00000000a3200000, 0x00000000a3200000| Untracked 
|  51|0x00000000a3300000, 0x00000000a3300000, 0x00000000a3400000|  0%| F|  |TAMS 0x00000000a3300000, 0x00000000a3300000| Untracked 
|  52|0x00000000a3400000, 0x00000000a3400000, 0x00000000a3500000|  0%| F|  |TAMS 0x00000000a3400000, 0x00000000a3400000| Untracked 
|  53|0x00000000a3500000, 0x00000000a3578948, 0x00000000a3600000| 47%| S|CS|TAMS 0x00000000a3500000, 0x00000000a3500000| Complete 
|  54|0x00000000a3600000, 0x00000000a3700000, 0x00000000a3700000|100%| S|CS|TAMS 0x00000000a3600000, 0x00000000a3600000| Complete 
|  55|0x00000000a3700000, 0x00000000a3700000, 0x00000000a3800000|  0%| F|  |TAMS 0x00000000a3700000, 0x00000000a3700000| Untracked 
|  56|0x00000000a3800000, 0x00000000a3800000, 0x00000000a3900000|  0%| F|  |TAMS 0x00000000a3800000, 0x00000000a3800000| Untracked 
|  57|0x00000000a3900000, 0x00000000a3900000, 0x00000000a3a00000|  0%| F|  |TAMS 0x00000000a3900000, 0x00000000a3900000| Untracked 
|  58|0x00000000a3a00000, 0x00000000a3a00000, 0x00000000a3b00000|  0%| F|  |TAMS 0x00000000a3a00000, 0x00000000a3a00000| Untracked 
|  59|0x00000000a3b00000, 0x00000000a3b00000, 0x00000000a3c00000|  0%| F|  |TAMS 0x00000000a3b00000, 0x00000000a3b00000| Untracked 
|  60|0x00000000a3c00000, 0x00000000a3c00000, 0x00000000a3d00000|  0%| F|  |TAMS 0x00000000a3c00000, 0x00000000a3c00000| Untracked 
|  61|0x00000000a3d00000, 0x00000000a3d00000, 0x00000000a3e00000|  0%| F|  |TAMS 0x00000000a3d00000, 0x00000000a3d00000| Untracked 
|  62|0x00000000a3e00000, 0x00000000a3e00000, 0x00000000a3f00000|  0%| F|  |TAMS 0x00000000a3e00000, 0x00000000a3e00000| Untracked 
|  63|0x00000000a3f00000, 0x00000000a4000000, 0x00000000a4000000|100%| S|CS|TAMS 0x00000000a3f00000, 0x00000000a3f00000| Complete 
|  64|0x00000000a4000000, 0x00000000a4100000, 0x00000000a4100000|100%| S|CS|TAMS 0x00000000a4000000, 0x00000000a4000000| Complete 
|  65|0x00000000a4100000, 0x00000000a4200000, 0x00000000a4200000|100%| S|CS|TAMS 0x00000000a4100000, 0x00000000a4100000| Complete 
|  66|0x00000000a4200000, 0x00000000a4300000, 0x00000000a4300000|100%| S|CS|TAMS 0x00000000a4200000, 0x00000000a4200000| Complete 
|  67|0x00000000a4300000, 0x00000000a4400000, 0x00000000a4400000|100%| S|CS|TAMS 0x00000000a4300000, 0x00000000a4300000| Complete 
|  68|0x00000000a4400000, 0x00000000a4400000, 0x00000000a4500000|  0%| F|  |TAMS 0x00000000a4400000, 0x00000000a4400000| Untracked 
|  69|0x00000000a4500000, 0x00000000a4500000, 0x00000000a4600000|  0%| F|  |TAMS 0x00000000a4500000, 0x00000000a4500000| Untracked 
|  70|0x00000000a4600000, 0x00000000a4600000, 0x00000000a4700000|  0%| F|  |TAMS 0x00000000a4600000, 0x00000000a4600000| Untracked 
|  71|0x00000000a4700000, 0x00000000a4700000, 0x00000000a4800000|  0%| F|  |TAMS 0x00000000a4700000, 0x00000000a4700000| Untracked 
|  72|0x00000000a4800000, 0x00000000a4800000, 0x00000000a4900000|  0%| F|  |TAMS 0x00000000a4800000, 0x00000000a4800000| Untracked 
|  73|0x00000000a4900000, 0x00000000a4900000, 0x00000000a4a00000|  0%| F|  |TAMS 0x00000000a4900000, 0x00000000a4900000| Untracked 
|  74|0x00000000a4a00000, 0x00000000a4a00000, 0x00000000a4b00000|  0%| F|  |TAMS 0x00000000a4a00000, 0x00000000a4a00000| Untracked 
|  75|0x00000000a4b00000, 0x00000000a4b00000, 0x00000000a4c00000|  0%| F|  |TAMS 0x00000000a4b00000, 0x00000000a4b00000| Untracked 
|  76|0x00000000a4c00000, 0x00000000a4c00000, 0x00000000a4d00000|  0%| F|  |TAMS 0x00000000a4c00000, 0x00000000a4c00000| Untracked 
|  77|0x00000000a4d00000, 0x00000000a4d00000, 0x00000000a4e00000|  0%| F|  |TAMS 0x00000000a4d00000, 0x00000000a4d00000| Untracked 
|  78|0x00000000a4e00000, 0x00000000a4e00000, 0x00000000a4f00000|  0%| F|  |TAMS 0x00000000a4e00000, 0x00000000a4e00000| Untracked 
|  79|0x00000000a4f00000, 0x00000000a4f00000, 0x00000000a5000000|  0%| F|  |TAMS 0x00000000a4f00000, 0x00000000a4f00000| Untracked 
|  80|0x00000000a5000000, 0x00000000a5000000, 0x00000000a5100000|  0%| F|  |TAMS 0x00000000a5000000, 0x00000000a5000000| Untracked 
|  81|0x00000000a5100000, 0x00000000a5100000, 0x00000000a5200000|  0%| F|  |TAMS 0x00000000a5100000, 0x00000000a5100000| Untracked 
|  82|0x00000000a5200000, 0x00000000a5200000, 0x00000000a5300000|  0%| F|  |TAMS 0x00000000a5200000, 0x00000000a5200000| Untracked 
|  83|0x00000000a5300000, 0x00000000a5300000, 0x00000000a5400000|  0%| F|  |TAMS 0x00000000a5300000, 0x00000000a5300000| Untracked 
|  84|0x00000000a5400000, 0x00000000a5400000, 0x00000000a5500000|  0%| F|  |TAMS 0x00000000a5400000, 0x00000000a5400000| Untracked 
|  85|0x00000000a5500000, 0x00000000a5500000, 0x00000000a5600000|  0%| F|  |TAMS 0x00000000a5500000, 0x00000000a5500000| Untracked 
|  86|0x00000000a5600000, 0x00000000a5600000, 0x00000000a5700000|  0%| F|  |TAMS 0x00000000a5600000, 0x00000000a5600000| Untracked 
|  87|0x00000000a5700000, 0x00000000a5700000, 0x00000000a5800000|  0%| F|  |TAMS 0x00000000a5700000, 0x00000000a5700000| Untracked 
|  88|0x00000000a5800000, 0x00000000a5800000, 0x00000000a5900000|  0%| F|  |TAMS 0x00000000a5800000, 0x00000000a5800000| Untracked 
|  89|0x00000000a5900000, 0x00000000a5900000, 0x00000000a5a00000|  0%| F|  |TAMS 0x00000000a5900000, 0x00000000a5900000| Untracked 
|  90|0x00000000a5a00000, 0x00000000a5a00000, 0x00000000a5b00000|  0%| F|  |TAMS 0x00000000a5a00000, 0x00000000a5a00000| Untracked 
|  91|0x00000000a5b00000, 0x00000000a5b00000, 0x00000000a5c00000|  0%| F|  |TAMS 0x00000000a5b00000, 0x00000000a5b00000| Untracked 
|  92|0x00000000a5c00000, 0x00000000a5c00000, 0x00000000a5d00000|  0%| F|  |TAMS 0x00000000a5c00000, 0x00000000a5c00000| Untracked 
|  93|0x00000000a5d00000, 0x00000000a5d00000, 0x00000000a5e00000|  0%| F|  |TAMS 0x00000000a5d00000, 0x00000000a5d00000| Untracked 
|  94|0x00000000a5e00000, 0x00000000a5e00000, 0x00000000a5f00000|  0%| F|  |TAMS 0x00000000a5e00000, 0x00000000a5e00000| Untracked 
|  95|0x00000000a5f00000, 0x00000000a5f00000, 0x00000000a6000000|  0%| F|  |TAMS 0x00000000a5f00000, 0x00000000a5f00000| Untracked 
|  96|0x00000000a6000000, 0x00000000a6000000, 0x00000000a6100000|  0%| F|  |TAMS 0x00000000a6000000, 0x00000000a6000000| Untracked 
|  97|0x00000000a6100000, 0x00000000a6100000, 0x00000000a6200000|  0%| F|  |TAMS 0x00000000a6100000, 0x00000000a6100000| Untracked 
|  98|0x00000000a6200000, 0x00000000a6200000, 0x00000000a6300000|  0%| F|  |TAMS 0x00000000a6200000, 0x00000000a6200000| Untracked 
|  99|0x00000000a6300000, 0x00000000a6300000, 0x00000000a6400000|  0%| F|  |TAMS 0x00000000a6300000, 0x00000000a6300000| Untracked 
| 100|0x00000000a6400000, 0x00000000a6400000, 0x00000000a6500000|  0%| F|  |TAMS 0x00000000a6400000, 0x00000000a6400000| Untracked 
| 101|0x00000000a6500000, 0x00000000a6500000, 0x00000000a6600000|  0%| F|  |TAMS 0x00000000a6500000, 0x00000000a6500000| Untracked 
| 102|0x00000000a6600000, 0x00000000a6600000, 0x00000000a6700000|  0%| F|  |TAMS 0x00000000a6600000, 0x00000000a6600000| Untracked 
| 103|0x00000000a6700000, 0x00000000a6700000, 0x00000000a6800000|  0%| F|  |TAMS 0x00000000a6700000, 0x00000000a6700000| Untracked 
| 104|0x00000000a6800000, 0x00000000a6800000, 0x00000000a6900000|  0%| F|  |TAMS 0x00000000a6800000, 0x00000000a6800000| Untracked 
| 105|0x00000000a6900000, 0x00000000a6900000, 0x00000000a6a00000|  0%| F|  |TAMS 0x00000000a6900000, 0x00000000a6900000| Untracked 
| 106|0x00000000a6a00000, 0x00000000a6a00000, 0x00000000a6b00000|  0%| F|  |TAMS 0x00000000a6a00000, 0x00000000a6a00000| Untracked 
| 107|0x00000000a6b00000, 0x00000000a6b00000, 0x00000000a6c00000|  0%| F|  |TAMS 0x00000000a6b00000, 0x00000000a6b00000| Untracked 
| 108|0x00000000a6c00000, 0x00000000a6c00000, 0x00000000a6d00000|  0%| F|  |TAMS 0x00000000a6c00000, 0x00000000a6c00000| Untracked 
| 109|0x00000000a6d00000, 0x00000000a6d00000, 0x00000000a6e00000|  0%| F|  |TAMS 0x00000000a6d00000, 0x00000000a6d00000| Untracked 
| 110|0x00000000a6e00000, 0x00000000a6e00000, 0x00000000a6f00000|  0%| F|  |TAMS 0x00000000a6e00000, 0x00000000a6e00000| Untracked 
| 111|0x00000000a6f00000, 0x00000000a6f00000, 0x00000000a7000000|  0%| F|  |TAMS 0x00000000a6f00000, 0x00000000a6f00000| Untracked 
| 112|0x00000000a7000000, 0x00000000a7000000, 0x00000000a7100000|  0%| F|  |TAMS 0x00000000a7000000, 0x00000000a7000000| Untracked 
| 113|0x00000000a7100000, 0x00000000a7100000, 0x00000000a7200000|  0%| F|  |TAMS 0x00000000a7100000, 0x00000000a7100000| Untracked 
| 114|0x00000000a7200000, 0x00000000a7200000, 0x00000000a7300000|  0%| F|  |TAMS 0x00000000a7200000, 0x00000000a7200000| Untracked 
| 115|0x00000000a7300000, 0x00000000a7300000, 0x00000000a7400000|  0%| F|  |TAMS 0x00000000a7300000, 0x00000000a7300000| Untracked 
| 116|0x00000000a7400000, 0x00000000a7400000, 0x00000000a7500000|  0%| F|  |TAMS 0x00000000a7400000, 0x00000000a7400000| Untracked 
| 117|0x00000000a7500000, 0x00000000a7500000, 0x00000000a7600000|  0%| F|  |TAMS 0x00000000a7500000, 0x00000000a7500000| Untracked 
| 118|0x00000000a7600000, 0x00000000a7608b30, 0x00000000a7700000|  3%| E|  |TAMS 0x00000000a7600000, 0x00000000a7600000| Complete 
| 119|0x00000000a7700000, 0x00000000a7800000, 0x00000000a7800000|100%| E|CS|TAMS 0x00000000a7700000, 0x00000000a7700000| Complete 
| 120|0x00000000a7800000, 0x00000000a7900000, 0x00000000a7900000|100%| E|CS|TAMS 0x00000000a7800000, 0x00000000a7800000| Complete 
| 121|0x00000000a7900000, 0x00000000a7a00000, 0x00000000a7a00000|100%| E|CS|TAMS 0x00000000a7900000, 0x00000000a7900000| Complete 
| 122|0x00000000a7a00000, 0x00000000a7b00000, 0x00000000a7b00000|100%| E|  |TAMS 0x00000000a7a00000, 0x00000000a7a00000| Complete 
| 123|0x00000000a7b00000, 0x00000000a7c00000, 0x00000000a7c00000|100%| E|CS|TAMS 0x00000000a7b00000, 0x00000000a7b00000| Complete 
| 124|0x00000000a7c00000, 0x00000000a7d00000, 0x00000000a7d00000|100%| E|CS|TAMS 0x00000000a7c00000, 0x00000000a7c00000| Complete 
| 125|0x00000000a7d00000, 0x00000000a7e00000, 0x00000000a7e00000|100%| E|CS|TAMS 0x00000000a7d00000, 0x00000000a7d00000| Complete 
| 126|0x00000000a7e00000, 0x00000000a7f00000, 0x00000000a7f00000|100%| E|CS|TAMS 0x00000000a7e00000, 0x00000000a7e00000| Complete 
| 127|0x00000000a7f00000, 0x00000000a8000000, 0x00000000a8000000|100%| E|CS|TAMS 0x00000000a7f00000, 0x00000000a7f00000| Complete 

Card table byte_map: [0x000002494ff80000,0x0000024950280000] _byte_map_base: 0x000002494fa80000

Marking Bits (Prev, Next): (CMBitMap*) 0x000002493ce97ff8, (CMBitMap*) 0x000002493ce98030
 Prev Bits: [0x0000024950580000, 0x0000024951d80000)
 Next Bits: [0x0000024951d80000, 0x0000024953580000)

Polling page: 0x000002493c640000

Metaspace:

Usage:
  Non-class:     38.31 MB capacity,    37.67 MB ( 98%) used,   558.10 KB (  1%) free+waste,    96.13 KB ( <1%) overhead. 
      Class:      5.89 MB capacity,     5.53 MB ( 94%) used,   320.20 KB (  5%) free+waste,    46.13 KB ( <1%) overhead. 
       Both:     44.20 MB capacity,    43.20 MB ( 98%) used,   878.30 KB (  2%) free+waste,   142.25 KB ( <1%) overhead. 

Virtual space:
  Non-class space:       40.00 MB reserved,      38.40 MB ( 96%) committed 
      Class space:        1.00 GB reserved,       6.00 MB ( <1%) committed 
             Both:        1.04 GB reserved,      44.40 MB (  4%) committed 

Chunk freelists:
   Non-Class:  27.00 KB
       Class:  0 bytes
        Both:  27.00 KB

MaxMetaspaceSize: 17179869184.00 GB
CompressedClassSpaceSize: 1.00 GB

CodeHeap 'non-profiled nmethods': size=120000Kb used=1875Kb max_used=1875Kb free=118124Kb
 bounds [0x0000024948420000, 0x0000024948690000, 0x000002494f950000]
CodeHeap 'profiled nmethods': size=120000Kb used=8823Kb max_used=8823Kb free=111176Kb
 bounds [0x0000024940ef0000, 0x0000024941790000, 0x0000024948420000]
CodeHeap 'non-nmethods': size=5760Kb used=2207Kb max_used=2254Kb free=3553Kb
 bounds [0x0000024940950000, 0x0000024940bc0000, 0x0000024940ef0000]
 total_blobs=4979 nmethods=4204 adapters=686
 compilation: enabled
              stopped_count=0, restarted_count=0
 full_count=0

Compilation events (20 events):
Event: 6.702 Thread 0x000002495688b000 nmethod 4200 0x00000249485f2390 code [0x00000249485f2540, 0x00000249485f25f8]
Event: 6.702 Thread 0x000002495688b000 4196       3       sun.net.www.protocol.file.Handler::createFileURLConnection (10 bytes)
Event: 6.702 Thread 0x000002495688b000 nmethod 4196 0x000002494177d190 code [0x000002494177d340, 0x000002494177d4e8]
Event: 6.703 Thread 0x000002495688b000 4203       3       org.codehaus.groovy.reflection.stdclasses.CachedSAMClass::isAssignableFrom (30 bytes)
Event: 6.704 Thread 0x000002495688b000 nmethod 4203 0x000002494177d590 code [0x000002494177d760, 0x000002494177da78]
Event: 6.705 Thread 0x0000024956883800 nmethod 4198 0x00000249485f2690 code [0x00000249485f2840, 0x00000249485f2ad8]
Event: 6.705 Thread 0x0000024956883800 4202       4       org.codehaus.groovy.runtime.metaclass.MetaMethodIndex::isMatchingMethod (65 bytes)
Event: 6.705 Thread 0x000002495688b000 4204       3       java.beans.PropertyDescriptor::setWriteMethod0 (48 bytes)
Event: 6.707 Thread 0x000002495688b000 nmethod 4204 0x000002494177db90 code [0x000002494177df40, 0x000002494177fb48]
Event: 6.707 Thread 0x000002495688b000 4205       3       groovy.lang.MetaClassImpl::copyNonPrivateFields (7 bytes)
Event: 6.707 Thread 0x000002495688b000 nmethod 4205 0x0000024941780290 code [0x0000024941780440, 0x0000024941780548]
Event: 6.707 Thread 0x000002495688b000 4206       3       org.codehaus.groovy.reflection.CachedField::isStatic (8 bytes)
Event: 6.707 Thread 0x000002495688b000 nmethod 4206 0x0000024941780610 code [0x00000249417807e0, 0x0000024941780a18]
Event: 6.716 Thread 0x000002495688b000 4210       3       java.util.zip.ZipFile$Source::initCEN (658 bytes)
Event: 6.720 Thread 0x000002495688b000 nmethod 4210 0x0000024941780b10 code [0x0000024941781160, 0x0000024941784b98]
Event: 6.744 Thread 0x000002495688b000 4211       3       java.util.zip.ZipFile$Source$Key::hashCode (29 bytes)
Event: 6.745 Thread 0x000002495688b000 nmethod 4211 0x0000024941786610 code [0x0000024941786840, 0x0000024941786f88]
Event: 6.745 Thread 0x00000249592b1800 4209       4       org.codehaus.groovy.reflection.CachedMethod::compareToCachedMethod (160 bytes)
Event: 6.803 Thread 0x000002495688b000 4215   !   3       java.util.zip.ZipFile$Source::<init> (153 bytes)
Event: 6.805 Thread 0x000002495688b000 nmethod 4215 0x0000024941787310 code [0x0000024941787660, 0x0000024941788cf8]

GC Heap History (14 events):
Event: 0.799 GC heap before
{Heap before GC invocations=0 (full 0):
 garbage-first heap   total 131072K, used 29696K [0x00000000a0000000, 0x0000000100000000)
  region size 1024K, 24 young (24576K), 0 survivors (0K)
 Metaspace       used 10410K, capacity 10632K, committed 10752K, reserved 1058816K
  class space    used 1098K, capacity 1164K, committed 1280K, reserved 1048576K
}
Event: 0.805 GC heap after
{Heap after GC invocations=1 (full 0):
 garbage-first heap   total 131072K, used 8523K [0x00000000a0000000, 0x0000000100000000)
  region size 1024K, 3 young (3072K), 3 survivors (3072K)
 Metaspace       used 10410K, capacity 10632K, committed 10752K, reserved 1058816K
  class space    used 1098K, capacity 1164K, committed 1280K, reserved 1048576K
}
Event: 2.356 GC heap before
{Heap before GC invocations=1 (full 0):
 garbage-first heap   total 131072K, used 82251K [0x00000000a0000000, 0x0000000100000000)
  region size 1024K, 76 young (77824K), 3 survivors (3072K)
 Metaspace       used 18793K, capacity 19144K, committed 19328K, reserved 1067008K
  class space    used 2284K, capacity 2411K, committed 2432K, reserved 1048576K
}
Event: 2.363 GC heap after
{Heap after GC invocations=2 (full 0):
 garbage-first heap   total 131072K, used 15279K [0x00000000a0000000, 0x0000000100000000)
  region size 1024K, 10 young (10240K), 10 survivors (10240K)
 Metaspace       used 18793K, capacity 19144K, committed 19328K, reserved 1067008K
  class space    used 2284K, capacity 2411K, committed 2432K, reserved 1048576K
}
Event: 2.554 GC heap before
{Heap before GC invocations=2 (full 0):
 garbage-first heap   total 131072K, used 26543K [0x00000000a0000000, 0x0000000100000000)
  region size 1024K, 22 young (22528K), 10 survivors (10240K)
 Metaspace       used 20725K, capacity 21158K, committed 21296K, reserved 1069056K
  class space    used 2569K, capacity 2725K, committed 2816K, reserved 1048576K
}
Event: 2.563 GC heap after
{Heap after GC invocations=3 (full 0):
 garbage-first heap   total 131072K, used 16269K [0x00000000a0000000, 0x0000000100000000)
  region size 1024K, 1 young (1024K), 1 survivors (1024K)
 Metaspace       used 20725K, capacity 21158K, committed 21296K, reserved 1069056K
  class space    used 2569K, capacity 2725K, committed 2816K, reserved 1048576K
}
Event: 3.277 GC heap before
{Heap before GC invocations=4 (full 0):
 garbage-first heap   total 131072K, used 69517K [0x00000000a0000000, 0x0000000100000000)
  region size 1024K, 53 young (54272K), 1 survivors (1024K)
 Metaspace       used 26314K, capacity 26905K, committed 27008K, reserved 1073152K
  class space    used 3444K, capacity 3667K, committed 3712K, reserved 1048576K
}
Event: 3.280 GC heap after
{Heap after GC invocations=5 (full 0):
 garbage-first heap   total 131072K, used 17962K [0x00000000a0000000, 0x0000000100000000)
  region size 1024K, 3 young (3072K), 3 survivors (3072K)
 Metaspace       used 26314K, capacity 26905K, committed 27008K, reserved 1073152K
  class space    used 3444K, capacity 3667K, committed 3712K, reserved 1048576K
}
Event: 3.977 GC heap before
{Heap before GC invocations=5 (full 0):
 garbage-first heap   total 131072K, used 67114K [0x00000000a0000000, 0x0000000100000000)
  region size 1024K, 50 young (51200K), 3 survivors (3072K)
 Metaspace       used 35101K, capacity 35727K, committed 35840K, reserved 1081344K
  class space    used 4510K, capacity 4775K, committed 4864K, reserved 1048576K
}
Event: 3.985 GC heap after
{Heap after GC invocations=6 (full 0):
 garbage-first heap   total 131072K, used 23445K [0x00000000a0000000, 0x0000000100000000)
  region size 1024K, 6 young (6144K), 6 survivors (6144K)
 Metaspace       used 35101K, capacity 35727K, committed 35840K, reserved 1081344K
  class space    used 4510K, capacity 4775K, committed 4864K, reserved 1048576K
}
Event: 5.372 GC heap before
{Heap before GC invocations=7 (full 0):
 garbage-first heap   total 131072K, used 83861K [0x00000000a0000000, 0x0000000100000000)
  region size 1024K, 65 young (66560K), 6 survivors (6144K)
 Metaspace       used 40599K, capacity 41397K, committed 41500K, reserved 1085440K
  class space    used 5188K, capacity 5487K, committed 5504K, reserved 1048576K
}
Event: 5.384 GC heap after
{Heap after GC invocations=8 (full 0):
 garbage-first heap   total 131072K, used 25118K [0x00000000a0000000, 0x0000000100000000)
  region size 1024K, 8 young (8192K), 8 survivors (8192K)
 Metaspace       used 40599K, capacity 41397K, committed 41500K, reserved 1085440K
  class space    used 5188K, capacity 5487K, committed 5504K, reserved 1048576K
}
Event: 6.617 GC heap before
{Heap before GC invocations=8 (full 0):
 garbage-first heap   total 131072K, used 85534K [0x00000000a0000000, 0x0000000100000000)
  region size 1024K, 68 young (69632K), 8 survivors (8192K)
 Metaspace       used 44097K, capacity 45041K, committed 45212K, reserved 1089536K
  class space    used 5648K, capacity 6021K, committed 6144K, reserved 1048576K
}
Event: 6.626 GC heap after
{Heap after GC invocations=9 (full 0):
 garbage-first heap   total 131072K, used 27974K [0x00000000a0000000, 0x0000000100000000)
  region size 1024K, 7 young (7168K), 7 survivors (7168K)
 Metaspace       used 44097K, capacity 45041K, committed 45212K, reserved 1089536K
  class space    used 5648K, capacity 6021K, committed 6144K, reserved 1048576K
}

Deoptimization events (20 events):
Event: 6.454 Thread 0x000002495877e800 DEOPT PACKING pc=0x0000024940fa2ccc sp=0x000000d9354fd790
Event: 6.454 Thread 0x000002495877e800 DEOPT UNPACKING pc=0x00000249409776ce sp=0x000000d9354fcd30 mode 0
Event: 6.482 Thread 0x0000024956a04800 DEOPT PACKING pc=0x0000024940fa2ccc sp=0x000000d933ef8d70
Event: 6.482 Thread 0x0000024956a04800 DEOPT UNPACKING pc=0x00000249409776ce sp=0x000000d933ef8310 mode 0
Event: 6.612 Thread 0x0000024956a04800 Uncommon trap: trap_request=0xffffffcc fr.pc=0x00000249485df3b0 relative=0x00000000000010f0
Event: 6.612 Thread 0x0000024956a04800 Uncommon trap: reason=intrinsic_or_type_checked_inlining action=make_not_entrant pc=0x00000249485df3b0 method=java.util.ArrayList.toArray([Ljava/lang/Object;)[Ljava/lang/Object; @ 36 c2
Event: 6.613 Thread 0x0000024956a04800 DEOPT PACKING pc=0x00000249485df3b0 sp=0x000000d933efa8e0
Event: 6.613 Thread 0x0000024956a04800 DEOPT UNPACKING pc=0x00000249409778af sp=0x000000d933efa838 mode 2
Event: 6.681 Thread 0x0000024956a04800 DEOPT PACKING pc=0x0000024940f7a834 sp=0x000000d933efa1e0
Event: 6.681 Thread 0x0000024956a04800 DEOPT UNPACKING pc=0x00000249409776ce sp=0x000000d933ef9730 mode 0
Event: 6.684 Thread 0x0000024956a04800 DEOPT PACKING pc=0x0000024941775671 sp=0x000000d933efa1a0
Event: 6.684 Thread 0x0000024956a04800 DEOPT UNPACKING pc=0x00000249409776ce sp=0x000000d933ef9698 mode 0
Event: 6.697 Thread 0x0000024956a04800 DEOPT PACKING pc=0x0000024940f7a834 sp=0x000000d933efa110
Event: 6.697 Thread 0x0000024956a04800 DEOPT UNPACKING pc=0x00000249409776ce sp=0x000000d933ef9660 mode 0
Event: 6.735 Thread 0x0000024956a04800 DEOPT PACKING pc=0x0000024941784394 sp=0x000000d933ef26a0
Event: 6.735 Thread 0x0000024956a04800 DEOPT UNPACKING pc=0x00000249409776ce sp=0x000000d933ef1c90 mode 0
Event: 6.736 Thread 0x0000024956a04800 Uncommon trap: trap_request=0xffffff4d fr.pc=0x0000024948489c40 relative=0x00000000000009e0
Event: 6.736 Thread 0x0000024956a04800 Uncommon trap: reason=unstable_if action=reinterpret pc=0x0000024948489c40 method=java.util.jar.JarFile.checkForSpecialAttributes()V @ 53 c2
Event: 6.736 Thread 0x0000024956a04800 DEOPT PACKING pc=0x0000024948489c40 sp=0x000000d933ef2bd0
Event: 6.736 Thread 0x0000024956a04800 DEOPT UNPACKING pc=0x00000249409778af sp=0x000000d933ef2b70 mode 2

Classes redefined (0 events):
No events

Internal exceptions (20 events):
Event: 6.738 Thread 0x0000024956a04800 Exception <a 'java/security/PrivilegedActionException'{0x00000000a7980a78}> (0x00000000a7980a78) thrown at [./src/hotspot/share/prims/jvm.cpp, line 1306]
Event: 6.738 Thread 0x0000024956a04800 Exception <a 'java/security/PrivilegedActionException'{0x00000000a7981a90}> (0x00000000a7981a90) thrown at [./src/hotspot/share/prims/jvm.cpp, line 1306]
Event: 6.738 Thread 0x0000024956a04800 Exception <a 'java/security/PrivilegedActionException'{0x00000000a79844c8}> (0x00000000a79844c8) thrown at [./src/hotspot/share/prims/jvm.cpp, line 1306]
Event: 6.738 Thread 0x0000024956a04800 Exception <a 'java/security/PrivilegedActionException'{0x00000000a79854e0}> (0x00000000a79854e0) thrown at [./src/hotspot/share/prims/jvm.cpp, line 1306]
Event: 6.738 Thread 0x0000024956a04800 Exception <a 'java/security/PrivilegedActionException'{0x00000000a7987ec0}> (0x00000000a7987ec0) thrown at [./src/hotspot/share/prims/jvm.cpp, line 1306]
Event: 6.738 Thread 0x0000024956a04800 Exception <a 'java/security/PrivilegedActionException'{0x00000000a7988ed8}> (0x00000000a7988ed8) thrown at [./src/hotspot/share/prims/jvm.cpp, line 1306]
Event: 6.738 Thread 0x0000024956a04800 Exception <a 'java/security/PrivilegedActionException'{0x00000000a798b8b0}> (0x00000000a798b8b0) thrown at [./src/hotspot/share/prims/jvm.cpp, line 1306]
Event: 6.739 Thread 0x0000024956a04800 Exception <a 'java/security/PrivilegedActionException'{0x00000000a798c8c8}> (0x00000000a798c8c8) thrown at [./src/hotspot/share/prims/jvm.cpp, line 1306]
Event: 6.739 Thread 0x0000024956a04800 Exception <a 'java/security/PrivilegedActionException'{0x00000000a798f458}> (0x00000000a798f458) thrown at [./src/hotspot/share/prims/jvm.cpp, line 1306]
Event: 6.739 Thread 0x0000024956a04800 Exception <a 'java/security/PrivilegedActionException'{0x00000000a7990470}> (0x00000000a7990470) thrown at [./src/hotspot/share/prims/jvm.cpp, line 1306]
Event: 6.739 Thread 0x0000024956a04800 Exception <a 'java/security/PrivilegedActionException'{0x00000000a7992df8}> (0x00000000a7992df8) thrown at [./src/hotspot/share/prims/jvm.cpp, line 1306]
Event: 6.739 Thread 0x0000024956a04800 Exception <a 'java/security/PrivilegedActionException'{0x00000000a7993e10}> (0x00000000a7993e10) thrown at [./src/hotspot/share/prims/jvm.cpp, line 1306]
Event: 6.739 Thread 0x0000024956a04800 Exception <a 'java/security/PrivilegedActionException'{0x00000000a79967e8}> (0x00000000a79967e8) thrown at [./src/hotspot/share/prims/jvm.cpp, line 1306]
Event: 6.739 Thread 0x0000024956a04800 Exception <a 'java/security/PrivilegedActionException'{0x00000000a7997800}> (0x00000000a7997800) thrown at [./src/hotspot/share/prims/jvm.cpp, line 1306]
Event: 6.739 Thread 0x0000024956a04800 Exception <a 'java/security/PrivilegedActionException'{0x00000000a799a1f0}> (0x00000000a799a1f0) thrown at [./src/hotspot/share/prims/jvm.cpp, line 1306]
Event: 6.739 Thread 0x0000024956a04800 Exception <a 'java/security/PrivilegedActionException'{0x00000000a799b208}> (0x00000000a799b208) thrown at [./src/hotspot/share/prims/jvm.cpp, line 1306]
Event: 6.739 Thread 0x0000024956a04800 Exception <a 'java/security/PrivilegedActionException'{0x00000000a799dc70}> (0x00000000a799dc70) thrown at [./src/hotspot/share/prims/jvm.cpp, line 1306]
Event: 6.739 Thread 0x0000024956a04800 Exception <a 'java/security/PrivilegedActionException'{0x00000000a799ec88}> (0x00000000a799ec88) thrown at [./src/hotspot/share/prims/jvm.cpp, line 1306]
Event: 6.739 Thread 0x0000024956a04800 Exception <a 'java/security/PrivilegedActionException'{0x00000000a79a15f0}> (0x00000000a79a15f0) thrown at [./src/hotspot/share/prims/jvm.cpp, line 1306]
Event: 6.740 Thread 0x0000024956a04800 Exception <a 'java/security/PrivilegedActionException'{0x00000000a79a2608}> (0x00000000a79a2608) thrown at [./src/hotspot/share/prims/jvm.cpp, line 1306]

Events (20 events):
Event: 6.702 loading class groovy/runtime/metaclass/build_dn1fa60niqe5lny5wvh6ofvbMetaClass done
Event: 6.704 loading class build_dn1fa60niqe5lny5wvh6ofvbBeanInfo
Event: 6.704 loading class build_dn1fa60niqe5lny5wvh6ofvbBeanInfo done
Event: 6.704 loading class build_dn1fa60niqe5lny5wvh6ofvbBeanInfo
Event: 6.704 loading class build_dn1fa60niqe5lny5wvh6ofvbBeanInfo done
Event: 6.704 loading class build_dn1fa60niqe5lny5wvh6ofvbCustomizer
Event: 6.704 loading class build_dn1fa60niqe5lny5wvh6ofvbCustomizer done
Event: 6.704 loading class build_dn1fa60niqe5lny5wvh6ofvbCustomizer
Event: 6.704 loading class build_dn1fa60niqe5lny5wvh6ofvbCustomizer done
Event: 6.707 loading class groovy/runtime/metaclass/build_dn1fa60niqe5lny5wvh6ofvb$_run_closure1MetaClass
Event: 6.707 loading class groovy/runtime/metaclass/build_dn1fa60niqe5lny5wvh6ofvb$_run_closure1MetaClass done
Event: 6.708 loading class groovy/runtime/metaclass/org/gradle/api/internal/project/DefaultProject_DecoratedMetaClass
Event: 6.708 loading class groovy/runtime/metaclass/org/gradle/api/internal/project/DefaultProject_DecoratedMetaClass done
Event: 6.710 loading class org/gradle/api/internal/project/DefaultProject_DecoratedBeanInfo
Event: 6.710 loading class org/gradle/api/internal/project/DefaultProject_DecoratedBeanInfo done
Event: 6.711 loading class org/gradle/api/internal/project/DefaultProject_DecoratedBeanInfo
Event: 6.711 loading class org/gradle/api/internal/project/DefaultProject_DecoratedBeanInfo done
Event: 6.711 loading class org/gradle/api/internal/project/DefaultProject_DecoratedBeanInfo
Event: 6.711 loading class org/gradle/api/internal/project/DefaultProject_DecoratedBeanInfo done
Event: 6.745 Thread 0x00000249592b1800 Thread added: 0x00000249592b1800


Dynamic libraries:
0x00007ff63d840000 - 0x00007ff63d84a000 	C:\Program Files\Android\Android Studio\jre\bin\java.exe
0x00007ff93a1d0000 - 0x00007ff93a3c5000 	C:\WINDOWS\SYSTEM32\ntdll.dll
0x00007ff9387a0000 - 0x00007ff93885e000 	C:\WINDOWS\System32\KERNEL32.DLL
0x00007ff937ba0000 - 0x00007ff937e68000 	C:\WINDOWS\System32\KERNELBASE.dll
0x00007ff937aa0000 - 0x00007ff937ba0000 	C:\WINDOWS\System32\ucrtbase.dll
0x00007ff92bc20000 - 0x00007ff92bc39000 	C:\Program Files\Android\Android Studio\jre\bin\jli.dll
0x00007ff92bc00000 - 0x00007ff92bc17000 	C:\Program Files\Android\Android Studio\jre\bin\VCRUNTIME140.dll
0x00007ff938450000 - 0x00007ff9385f1000 	C:\WINDOWS\System32\USER32.dll
0x00007ff937f60000 - 0x00007ff937f82000 	C:\WINDOWS\System32\win32u.dll
0x00007ff92b7b0000 - 0x00007ff92ba4a000 	C:\WINDOWS\WinSxS\amd64_microsoft.windows.common-controls_6595b64144ccf1df_6.0.19041.1110_none_60b5254171f9507e\COMCTL32.dll
0x00007ff938da0000 - 0x00007ff938dcb000 	C:\WINDOWS\System32\GDI32.dll
0x00007ff9390a0000 - 0x00007ff93913e000 	C:\WINDOWS\System32\msvcrt.dll
0x00007ff937990000 - 0x00007ff937a9b000 	C:\WINDOWS\System32\gdi32full.dll
0x00007ff9378f0000 - 0x00007ff93798d000 	C:\WINDOWS\System32\msvcp_win.dll
0x00007ff938cf0000 - 0x00007ff938d20000 	C:\WINDOWS\System32\IMM32.DLL
0x00007ff922300000 - 0x00007ff92239d000 	C:\Program Files\Android\Android Studio\jre\bin\msvcp140.dll
0x00007ff8ed220000 - 0x00007ff8edcef000 	C:\Program Files\Android\Android Studio\jre\bin\server\jvm.dll
0x00007ff938ae0000 - 0x00007ff938b8c000 	C:\WINDOWS\System32\ADVAPI32.dll
0x00007ff938b90000 - 0x00007ff938c2b000 	C:\WINDOWS\System32\sechost.dll
0x00007ff938dd0000 - 0x00007ff938efa000 	C:\WINDOWS\System32\RPCRT4.dll
0x00007ff938870000 - 0x00007ff938878000 	C:\WINDOWS\System32\PSAPI.DLL
0x00007ff925c20000 - 0x00007ff925c29000 	C:\WINDOWS\SYSTEM32\WSOCK32.dll
0x00007ff930cf0000 - 0x00007ff930cfa000 	C:\WINDOWS\SYSTEM32\VERSION.dll
0x00007ff92f870000 - 0x00007ff92f897000 	C:\WINDOWS\SYSTEM32\WINMM.dll
0x00007ff938f60000 - 0x00007ff938fcb000 	C:\WINDOWS\System32\WS2_32.dll
0x00007ff936170000 - 0x00007ff936182000 	C:\WINDOWS\SYSTEM32\kernel.appcore.dll
0x00007ff92bb50000 - 0x00007ff92bb61000 	C:\Program Files\Android\Android Studio\jre\bin\verify.dll
0x00007ff923400000 - 0x00007ff9235e4000 	C:\WINDOWS\SYSTEM32\DBGHELP.DLL
0x00007ff929fb0000 - 0x00007ff929fdc000 	C:\WINDOWS\SYSTEM32\dbgcore.DLL
0x00007ff937e70000 - 0x00007ff937ef3000 	C:\WINDOWS\System32\bcryptPrimitives.dll
0x00007ff9296c0000 - 0x00007ff9296e9000 	C:\Program Files\Android\Android Studio\jre\bin\java.dll
0x00007ff933460000 - 0x00007ff93346b000 	C:\Program Files\Android\Android Studio\jre\bin\jimage.dll
0x00007ff924b70000 - 0x00007ff924b88000 	C:\Program Files\Android\Android Studio\jre\bin\zip.dll
0x00007ff9395c0000 - 0x00007ff939cff000 	C:\WINDOWS\System32\SHELL32.dll
0x00007ff9359a0000 - 0x00007ff936130000 	C:\WINDOWS\SYSTEM32\windows.storage.dll
0x00007ff939d00000 - 0x00007ff93a055000 	C:\WINDOWS\System32\combase.dll
0x00007ff937340000 - 0x00007ff93736e000 	C:\WINDOWS\SYSTEM32\Wldp.dll
0x00007ff938c40000 - 0x00007ff938ced000 	C:\WINDOWS\System32\SHCORE.dll
0x00007ff938880000 - 0x00007ff9388d5000 	C:\WINDOWS\System32\shlwapi.dll
0x00007ff937830000 - 0x00007ff93784f000 	C:\WINDOWS\SYSTEM32\profapi.dll
0x00007ff924b50000 - 0x00007ff924b6a000 	C:\Program Files\Android\Android Studio\jre\bin\net.dll
0x00007ff92b370000 - 0x00007ff92b47c000 	C:\WINDOWS\SYSTEM32\WINHTTP.dll
0x00007ff9370a0000 - 0x00007ff93710a000 	C:\WINDOWS\system32\mswsock.dll
0x00007ff923650000 - 0x00007ff923664000 	C:\Program Files\Android\Android Studio\jre\bin\nio.dll
0x00007ff929870000 - 0x00007ff929896000 	C:\Users\nguye\.gradle\native\fdc75f09e3144964f2cf3f50f0aa648679c211496f362492102eb8c894070792\windows-amd64\native-platform.dll
0x00007ff91a6c0000 - 0x00007ff91a851000 	C:\Users\nguye\.gradle\native\12488b8bf47d2d4c9fbf2f6322a914ad602e24e48041cd04a747c6da556b65c4\windows-amd64\native-platform-file-events.dll
0x00007ff933410000 - 0x00007ff93341a000 	C:\Program Files\Android\Android Studio\jre\bin\management.dll
0x00007ff92bbe0000 - 0x00007ff92bbec000 	C:\Program Files\Android\Android Studio\jre\bin\management_ext.dll
0x00007ff9372a0000 - 0x00007ff9372b8000 	C:\WINDOWS\SYSTEM32\CRYPTSP.dll
0x00007ff9369b0000 - 0x00007ff9369e4000 	C:\WINDOWS\system32\rsaenh.dll
0x00007ff937f90000 - 0x00007ff937fb7000 	C:\WINDOWS\System32\bcrypt.dll
0x00007ff9377f0000 - 0x00007ff93781e000 	C:\WINDOWS\SYSTEM32\USERENV.dll
0x00007ff937290000 - 0x00007ff93729c000 	C:\WINDOWS\SYSTEM32\CRYPTBASE.dll
0x00007ff936d40000 - 0x00007ff936d7b000 	C:\WINDOWS\SYSTEM32\IPHLPAPI.DLL
0x00007ff938860000 - 0x00007ff938868000 	C:\WINDOWS\System32\NSI.dll
0x00007ff9307f0000 - 0x00007ff930807000 	C:\WINDOWS\SYSTEM32\dhcpcsvc6.DLL
0x00007ff930d90000 - 0x00007ff930dad000 	C:\WINDOWS\SYSTEM32\dhcpcsvc.DLL
0x00007ff936d90000 - 0x00007ff936e5b000 	C:\WINDOWS\SYSTEM32\DNSAPI.dll
0x00007ff9310b0000 - 0x00007ff9310bb000 	C:\WINDOWS\SYSTEM32\WINNSI.DLL

dbghelp: loaded successfully - version: 4.0.5 - missing functions: none
symbol engine: initialized successfully - sym options: 0x614 - pdb path: .;C:\Program Files\Android\Android Studio\jre\bin;C:\WINDOWS\SYSTEM32;C:\WINDOWS\WinSxS\amd64_microsoft.windows.common-controls_6595b64144ccf1df_6.0.19041.1110_none_60b5254171f9507e;C:\Program Files\Android\Android Studio\jre\bin\server;C:\Users\nguye\.gradle\native\fdc75f09e3144964f2cf3f50f0aa648679c211496f362492102eb8c894070792\windows-amd64;C:\Users\nguye\.gradle\native\12488b8bf47d2d4c9fbf2f6322a914ad602e24e48041cd04a747c6da556b65c4\windows-amd64

VM Arguments:
jvm_args: --add-opens=java.base/java.util=ALL-UNNAMED --add-opens=java.base/java.lang=ALL-UNNAMED --add-opens=java.base/java.lang.invoke=ALL-UNNAMED --add-opens=java.prefs/java.util.prefs=ALL-UNNAMED -Xmx1536M -Dfile.encoding=windows-1252 -Duser.country=US -Duser.language=en -Duser.variant 
java_command: org.gradle.launcher.daemon.bootstrap.GradleDaemon 6.7
java_class_path (initial): C:\Users\nguye\.gradle\wrapper\dists\gradle-6.7-all\cuy9mc7upwgwgeb72wkcrupxe\gradle-6.7\lib\gradle-launcher-6.7.jar
Launcher Type: SUN_STANDARD

[Global flags]
     intx CICompilerCount                          = 4                                         {product} {ergonomic}
     uint ConcGCThreads                            = 2                                         {product} {ergonomic}
     uint G1ConcRefinementThreads                  = 8                                         {product} {ergonomic}
   size_t G1HeapRegionSize                         = 1048576                                   {product} {ergonomic}
    uintx GCDrainStackTargetSize                   = 64                                        {product} {ergonomic}
   size_t InitialHeapSize                          = 134217728                                 {product} {ergonomic}
   size_t MarkStackSize                            = 4194304                                   {product} {ergonomic}
   size_t MaxHeapSize                              = 1610612736                                {product} {command line}
   size_t MaxNewSize                               = 965738496                                 {product} {ergonomic}
   size_t MinHeapDeltaBytes                        = 1048576                                   {product} {ergonomic}
    uintx NonNMethodCodeHeapSize                   = 5836300                                {pd product} {ergonomic}
    uintx NonProfiledCodeHeapSize                  = 122910970                              {pd product} {ergonomic}
    uintx ProfiledCodeHeapSize                     = 122910970                              {pd product} {ergonomic}
    uintx ReservedCodeCacheSize                    = 251658240                              {pd product} {ergonomic}
     bool SegmentedCodeCache                       = true                                      {product} {ergonomic}
     bool UseCompressedClassPointers               = true                                 {lp64_product} {ergonomic}
     bool UseCompressedOops                        = true                                 {lp64_product} {ergonomic}
     bool UseG1GC                                  = true                                      {product} {ergonomic}
     bool UseLargePagesIndividualAllocation        = false                                  {pd product} {ergonomic}

Logging:
Log output configuration:
 #0: stdout all=warning uptime,level,tags
 #1: stderr all=off uptime,level,tags

Environment Variables:
JAVA_HOME=C:\Program Files\Android\Android Studio\jre
CLASSPATH=F:\Mist_app\android\\gradle\wrapper\gradle-wrapper.jar
PATH=C:\Program Files (x86)\Intel\iCLS Client\;C:\Program Files\Intel\iCLS Client\;C:\Program Files (x86)\Common Files\Oracle\Java\javapath;C:\Program Files (x86)\NVIDIA Corporation\PhysX\Common;C:\WINDOWS\system32;C:\WINDOWS;C:\WINDOWS\System32\Wbem;C:\WINDOWS\System32\WindowsPowerShell\v1.0\;C:\WINDOWS\System32\OpenSSH\;C:\Program Files\NVIDIA Corporation\NVIDIA NvDLISR;D:\NX 1926\CAPITALINTEGRATION\capitalnxremote\;C:\Program Files (x86)\Intel\Intel(R) Management Engine Components\DAL;C:\Program Files\Intel\Intel(R) Management Engine Components\DAL;C:\Program Files (x86)\Intel\Intel(R) Management Engine Components\IPT;C:\Program Files\Intel\Intel(R) Management Engine Components\IPT;C:\ProgramData\chocolatey\bin;C:\Program Files\Java\jdk1.8.0_301\bin;C:\Program Files\Git\cmd;C:\Users\nguye\AppData\Local\Microsoft\WindowsApps;E:\flutter\bin;C:\tools\dart-sdk\bin;C:\Users\nguye\AppData\Roaming\Pub\Cache\bin;;E:\flutter\bin\mingit\cmd
USERNAME=nguye
OS=Windows_NT
PROCESSOR_IDENTIFIER=Intel64 Family 6 Model 60 Stepping 3, GenuineIntel



---------------  S Y S T E M  ---------------

OS: Windows 10 , 64 bit Build 19041 (10.0.19041.1348)
OS uptime: 3 days 5:03 hours

CPU:total 8 (initial active 8) (4 cores per cpu, 2 threads per core) family 6 model 60 stepping 3 microcode 0x27, cmov, cx8, fxsr, mmx, sse, sse2, sse3, ssse3, sse4.1, sse4.2, popcnt, avx, avx2, aes, clmul, erms, lzcnt, ht, tsc, tscinvbit, bmi1, bmi2, fma

Memory: 4k page, system-wide physical 8097M (911M free)
TotalPageFile size 16289M (AvailPageFile size 591M)
current process WorkingSet (physical memory assigned to process): 263M, peak: 263M
current process commit charge ("private bytes"): 321M, peak: 321M

vm_info: OpenJDK 64-Bit Server VM (11.0.10+0-b96-7249189) for windows-amd64 JRE (11.0.10+0-b96-7249189), built on Mar 31 2021 21:44:00 by "builder" with MS VC++ 14.0 (VS2015)

END.
